<?xml version="1.0" encoding="UTF-8"?>
<!-- Generated by org.testng.reporters.JUnitReportReporter -->
<testsuite hostname="Maaz-PC" failures="0" tests="3" name="Tests.TestClass1" time="55.013" errors="0" timestamp="2022-02-04T23:04:57 IST" skipped="0">
  <testcase classname="Tests.TestClass1" name="Test2" time="18.419"/>
  <system-out/>
  <testcase classname="Tests.TestClass1" name="Test3" time="17.785"/>
  <system-out/>
  <testcase classname="Tests.TestClass1" name="Test1" time="18.809"/>
  <system-out/>
</testsuite> <!-- Tests.TestClass1 -->
