<?xml version="1.0" encoding="UTF-8"?>
<!-- Generated by org.testng.reporters.JUnitReportReporter -->
<testsuite hostname="Maaz-PC" failures="0" tests="3" name="Tests.TestClass1" time="58.548" errors="0" timestamp="2022-02-04T23:06:22 IST" skipped="0">
  <testcase classname="Tests.TestClass1" name="Test3" time="14.813"/>
  <system-out/>
  <testcase classname="Tests.TestClass1" name="Test2" time="18.048"/>
  <system-out/>
  <testcase classname="Tests.TestClass1" name="Test1" time="25.687"/>
  <system-out/>
</testsuite> <!-- Tests.TestClass1 -->
